<?xml version="1.0" encoding="UTF-8"?>
<testsuite xmlns:xsi="http://www.w3.org/2001/XMLSchema-instance" xsi:noNamespaceSchemaLocation="https://maven.apache.org/surefire/maven-surefire-plugin/xsd/surefire-test-report-3.0.xsd" version="3.0" name="base.Runner" time="10.145" tests="5" errors="0" skipped="0" failures="0">
  <properties>
[...]
</properties>
  <testcase name="Verify that the user mentioned emails in the comment section are in the proper format" classname="Verifying the test flow" time="3.307">
    <system-out><![CDATA[
Scenario: Verify that the user mentioned emails in the comment section are in the proper format # src/test/java/features/Test.feature:11
Request method:	GET
Request URI:	https://jsonplaceholder.typicode.com/posts
Proxy:			<none>
Request params:	<none>
Query params:	<none>
Form params:	<none>
Path params:	<none>
Headers:		Accept=*/*
Cookies:		<none>
Multiparts:		<none>
Body:			<none>
  Given get posts details                                                                       # steps.StepDefinition.getPostsDetails()
Request method:	GET
Request URI:	https://jsonplaceholder.typicode.com/comments
Proxy:			<none>
Request params:	<none>
Query params:	<none>
Form params:	<none>
Path params:	<none>
Headers:		Accept=*/*
Cookies:		<none>
Multiparts:		<none>
Body:			<none>
  Given get comments details                                                                    # steps.StepDefinition.getCommentsDetails()
Request method:	GET
Request URI:	https://jsonplaceholder.typicode.com/albums
Proxy:			<none>
Request params:	<none>
Query params:	<none>
Form params:	<none>
Path params:	<none>
Headers:		Accept=*/*
Cookies:		<none>
Multiparts:		<none>
Body:			<none>
  Given get albums details                                                                      # steps.StepDefinition.getAlbumsDetails()
Request method:	GET
Request URI:	https://jsonplaceholder.typicode.com/photos
Proxy:			<none>
Request params:	<none>
Query params:	<none>
Form params:	<none>
Path params:	<none>
Headers:		Accept=*/*
Cookies:		<none>
Multiparts:		<none>
Body:			<none>
  Given get photos details                                                                      # steps.StepDefinition.getPhotosDetails()
Request method:	GET
Request URI:	https://jsonplaceholder.typicode.com/todos
Proxy:			<none>
Request params:	<none>
Query params:	<none>
Form params:	<none>
Path params:	<none>
Headers:		Accept=*/*
Cookies:		<none>
Multiparts:		<none>
Body:			<none>
  Given get todos details                                                                       # steps.StepDefinition.getTodosDetails()
Request method:	GET
Request URI:	https://jsonplaceholder.typicode.com/users
Proxy:			<none>
Request params:	<none>
Query params:	<none>
Form params:	<none>
Path params:	<none>
Headers:		Accept=*/*
Cookies:		<none>
Multiparts:		<none>
Body:			<none>
  Given get users details                                                                       # steps.StepDefinition.getUsersDetails()
  Given get the user id of the user whose name is "Delphine"                                    # steps.StepDefinition.getUserIdValueOfTheGivenUsername(java.lang.String)
  And retrieve all the related posts made by a specific user by using their user id             # steps.StepDefinition.retrieveAllTheRelatedPostMadeByUserByUsingTheirUserId()
  And get the related comments that belong to the specific post id                              # steps.StepDefinition.getTheRelatedCommentsRegardingToTheSpecificPostId()
  And get the related email ids with in the comments related to the specific post id            # steps.StepDefinition.getTheRelatedEmailIdsWithInTheCommentsRelatedToTheSpecificPostId()
  Then verify email ids format                                                                  # steps.StepDefinition.verifyEmailIdsFormat()
]]></system-out>
    <system-err><![CDATA[SLF4J: No SLF4J providers were found.
SLF4J: Defaulting to no-operation (NOP) logger implementation
SLF4J: See http://www.slf4j.org/codes.html#noProviders for further details.
]]></system-err>
  </testcase>
  <testcase name="Verify user has albums" classname="Verifying the test flow" time="1.692">
    <system-out><![CDATA[
Scenario: Verify user has albums                                  # src/test/java/features/Test.feature:19
Request method:	GET
Request URI:	https://jsonplaceholder.typicode.com/posts
Proxy:			<none>
Request params:	<none>
Query params:	<none>
Form params:	<none>
Path params:	<none>
Headers:		Accept=*/*
Cookies:		<none>
Multiparts:		<none>
Body:			<none>
  Given get posts details                                         # steps.StepDefinition.getPostsDetails()
Request method:	GET
Request URI:	https://jsonplaceholder.typicode.com/comments
Proxy:			<none>
Request params:	<none>
Query params:	<none>
Form params:	<none>
Path params:	<none>
Headers:		Accept=*/*
Cookies:		<none>
Multiparts:		<none>
Body:			<none>
  Given get comments details                                      # steps.StepDefinition.getCommentsDetails()
Request method:	GET
Request URI:	https://jsonplaceholder.typicode.com/albums
Proxy:			<none>
Request params:	<none>
Query params:	<none>
Form params:	<none>
Path params:	<none>
Headers:		Accept=*/*
Cookies:		<none>
Multiparts:		<none>
Body:			<none>
  Given get albums details                                        # steps.StepDefinition.getAlbumsDetails()
Request method:	GET
Request URI:	https://jsonplaceholder.typicode.com/photos
Proxy:			<none>
Request params:	<none>
Query params:	<none>
Form params:	<none>
Path params:	<none>
Headers:		Accept=*/*
Cookies:		<none>
Multiparts:		<none>
Body:			<none>
  Given get photos details                                        # steps.StepDefinition.getPhotosDetails()
Request method:	GET
Request URI:	https://jsonplaceholder.typicode.com/todos
Proxy:			<none>
Request params:	<none>
Query params:	<none>
Form params:	<none>
Path params:	<none>
Headers:		Accept=*/*
Cookies:		<none>
Multiparts:		<none>
Body:			<none>
  Given get todos details                                         # steps.StepDefinition.getTodosDetails()
Request method:	GET
Request URI:	https://jsonplaceholder.typicode.com/users
Proxy:			<none>
Request params:	<none>
Query params:	<none>
Form params:	<none>
Path params:	<none>
Headers:		Accept=*/*
Cookies:		<none>
Multiparts:		<none>
Body:			<none>
  Given get users details                                         # steps.StepDefinition.getUsersDetails()
  Given get all the user ids                                      # steps.StepDefinition.getAllTheUsers()
  Then verify every user has albums with respect to their user id # steps.StepDefinition.verifyUserHasAlbumsThroughTheirUserId()
]]></system-out>
  </testcase>
  <testcase name="Verify every album has photos" classname="Verifying the test flow" time="1.482">
    <system-out><![CDATA[
Scenario: Verify every album has photos          # src/test/java/features/Test.feature:23
Request method:	GET
Request URI:	https://jsonplaceholder.typicode.com/posts
Proxy:			<none>
Request params:	<none>
Query params:	<none>
Form params:	<none>
Path params:	<none>
Headers:		Accept=*/*
Cookies:		<none>
Multiparts:		<none>
Body:			<none>
  Given get posts details                        # steps.StepDefinition.getPostsDetails()
Request method:	GET
Request URI:	https://jsonplaceholder.typicode.com/comments
Proxy:			<none>
Request params:	<none>
Query params:	<none>
Form params:	<none>
Path params:	<none>
Headers:		Accept=*/*
Cookies:		<none>
Multiparts:		<none>
Body:			<none>
  Given get comments details                     # steps.StepDefinition.getCommentsDetails()
Request method:	GET
Request URI:	https://jsonplaceholder.typicode.com/albums
Proxy:			<none>
Request params:	<none>
Query params:	<none>
Form params:	<none>
Path params:	<none>
Headers:		Accept=*/*
Cookies:		<none>
Multiparts:		<none>
Body:			<none>
  Given get albums details                       # steps.StepDefinition.getAlbumsDetails()
Request method:	GET
Request URI:	https://jsonplaceholder.typicode.com/photos
Proxy:			<none>
Request params:	<none>
Query params:	<none>
Form params:	<none>
Path params:	<none>
Headers:		Accept=*/*
Cookies:		<none>
Multiparts:		<none>
Body:			<none>
  Given get photos details                       # steps.StepDefinition.getPhotosDetails()
Request method:	GET
Request URI:	https://jsonplaceholder.typicode.com/todos
Proxy:			<none>
Request params:	<none>
Query params:	<none>
Form params:	<none>
Path params:	<none>
Headers:		Accept=*/*
Cookies:		<none>
Multiparts:		<none>
Body:			<none>
  Given get todos details                        # steps.StepDefinition.getTodosDetails()
Request method:	GET
Request URI:	https://jsonplaceholder.typicode.com/users
Proxy:			<none>
Request params:	<none>
Query params:	<none>
Form params:	<none>
Path params:	<none>
Headers:		Accept=*/*
Cookies:		<none>
Multiparts:		<none>
Body:			<none>
  Given get users details                        # steps.StepDefinition.getUsersDetails()
  Given get all the user ids                     # steps.StepDefinition.getAllTheUsers()
  Then verify that every user's album has photos # steps.StepDefinition.verifyThatEveryUserAlbumHasPhotos()
]]></system-out>
  </testcase>
  <testcase name="Verify url and thumbnailUrl base path id of photo&apos;s are the same" classname="Verifying the test flow" time="1.545">
    <system-out><![CDATA[
Scenario: Verify url and thumbnailUrl base path id of photo's are the same # src/test/java/features/Test.feature:27
Request method:	GET
Request URI:	https://jsonplaceholder.typicode.com/posts
Proxy:			<none>
Request params:	<none>
Query params:	<none>
Form params:	<none>
Path params:	<none>
Headers:		Accept=*/*
Cookies:		<none>
Multiparts:		<none>
Body:			<none>
  Given get posts details                                                  # steps.StepDefinition.getPostsDetails()
Request method:	GET
Request URI:	https://jsonplaceholder.typicode.com/comments
Proxy:			<none>
Request params:	<none>
Query params:	<none>
Form params:	<none>
Path params:	<none>
Headers:		Accept=*/*
Cookies:		<none>
Multiparts:		<none>
Body:			<none>
  Given get comments details                                               # steps.StepDefinition.getCommentsDetails()
Request method:	GET
Request URI:	https://jsonplaceholder.typicode.com/albums
Proxy:			<none>
Request params:	<none>
Query params:	<none>
Form params:	<none>
Path params:	<none>
Headers:		Accept=*/*
Cookies:		<none>
Multiparts:		<none>
Body:			<none>
  Given get albums details                                                 # steps.StepDefinition.getAlbumsDetails()
Request method:	GET
Request URI:	https://jsonplaceholder.typicode.com/photos
Proxy:			<none>
Request params:	<none>
Query params:	<none>
Form params:	<none>
Path params:	<none>
Headers:		Accept=*/*
Cookies:		<none>
Multiparts:		<none>
Body:			<none>
  Given get photos details                                                 # steps.StepDefinition.getPhotosDetails()
Request method:	GET
Request URI:	https://jsonplaceholder.typicode.com/todos
Proxy:			<none>
Request params:	<none>
Query params:	<none>
Form params:	<none>
Path params:	<none>
Headers:		Accept=*/*
Cookies:		<none>
Multiparts:		<none>
Body:			<none>
  Given get todos details                                                  # steps.StepDefinition.getTodosDetails()
Request method:	GET
Request URI:	https://jsonplaceholder.typicode.com/users
Proxy:			<none>
Request params:	<none>
Query params:	<none>
Form params:	<none>
Path params:	<none>
Headers:		Accept=*/*
Cookies:		<none>
Multiparts:		<none>
Body:			<none>
  Given get users details                                                  # steps.StepDefinition.getUsersDetails()
  Given get all the user ids                                               # steps.StepDefinition.getAllTheUsers()
  And verify every user has albums with respect to their user id           # steps.StepDefinition.verifyUserHasAlbumsThroughTheirUserId()
  Then verify the photo's url and thumbnailUrl base path ids are same      # steps.StepDefinition.verifyPhotoUrlAndThumbnailUrlBasePathIdsAreSame()
]]></system-out>
  </testcase>
  <testcase name="Verify that the user emails in the user section are in the proper format" classname="Verifying the test flow" time="1.504">
    <system-out><![CDATA[
Scenario: Verify that the user emails in the user section are in the proper format # src/test/java/features/Test.feature:32
Request method:	GET
Request URI:	https://jsonplaceholder.typicode.com/posts
Proxy:			<none>
Request params:	<none>
Query params:	<none>
Form params:	<none>
Path params:	<none>
Headers:		Accept=*/*
Cookies:		<none>
Multiparts:		<none>
Body:			<none>
  Given get posts details                                                          # steps.StepDefinition.getPostsDetails()
Request method:	GET
Request URI:	https://jsonplaceholder.typicode.com/comments
Proxy:			<none>
Request params:	<none>
Query params:	<none>
Form params:	<none>
Path params:	<none>
Headers:		Accept=*/*
Cookies:		<none>
Multiparts:		<none>
Body:			<none>
  Given get comments details                                                       # steps.StepDefinition.getCommentsDetails()
Request method:	GET
Request URI:	https://jsonplaceholder.typicode.com/albums
Proxy:			<none>
Request params:	<none>
Query params:	<none>
Form params:	<none>
Path params:	<none>
Headers:		Accept=*/*
Cookies:		<none>
Multiparts:		<none>
Body:			<none>
  Given get albums details                                                         # steps.StepDefinition.getAlbumsDetails()
Request method:	GET
Request URI:	https://jsonplaceholder.typicode.com/photos
Proxy:			<none>
Request params:	<none>
Query params:	<none>
Form params:	<none>
Path params:	<none>
Headers:		Accept=*/*
Cookies:		<none>
Multiparts:		<none>
Body:			<none>
  Given get photos details                                                         # steps.StepDefinition.getPhotosDetails()
Request method:	GET
Request URI:	https://jsonplaceholder.typicode.com/todos
Proxy:			<none>
Request params:	<none>
Query params:	<none>
Form params:	<none>
Path params:	<none>
Headers:		Accept=*/*
Cookies:		<none>
Multiparts:		<none>
Body:			<none>
  Given get todos details                                                          # steps.StepDefinition.getTodosDetails()
Request method:	GET
Request URI:	https://jsonplaceholder.typicode.com/users
Proxy:			<none>
Request params:	<none>
Query params:	<none>
Form params:	<none>
Path params:	<none>
Headers:		Accept=*/*
Cookies:		<none>
Multiparts:		<none>
Body:			<none>
  Given get users details                                                          # steps.StepDefinition.getUsersDetails()
  Given retrieve all the emails in the user section                                # steps.StepDefinition.retrieveAllTheEmailsInTheUserSection()
  Then verify email ids format                                                     # steps.StepDefinition.verifyEmailIdsFormat()
]]></system-out>
  </testcase>
</testsuite>